[RUN #0 5 100]
55 482 578 -203 901
980 -275 676 -98 185
794 -894 491 -454 261
867 694 480 -748 -398
562 -729 949 -506 740
-53 919 -40 -347 -52
177 571 -253 -626 -153
-497 -388 -717 493 885
38 -934 513 -859 483
444 189 126 395 279
-876 -71 76 814 -68
45 -655 958 -959 -170
-386 -923 -812 551 -749
74 -331 -570 -83 76
893 334 292 509 771
-591 601 -224 166 97
445 -733 -296 -537 241
797 -254 -959 912 499
402 -601 -712 772 460
-196 -429 -450 488 -923
-404 474 -983 915 -396
-884 -37 -973 -752 -873
604 -112 -479 674 690
-237 -254 106 -404 -429
-237 -686 144 -128 -30
-448 -648 -347 74 -712
944 -507 -804 -657 694
-848 225 -168 -953 17
-198 843 734 800 -834
-670 -327 559 463 789
-98 976 -312 389 905
166 -151 717 85 389
-69 536 -131 801 874
551 -576 -131 901 70
102 152 543 534 -721
64 -391 247 885 594
730 -67 -987 209 367
-63 -416 -850 659 589
-653 -795 193 836 567
-591 -796 634 -695 -924
382 -700 682 -871 -33
-851 227 -23 -47 699
-137 826 294 -215 -202
-752 336 -882 810 -271
341 42 -927 325 -240
-825 124 -877 -44 -829
755 -998 344 545 103
-878 -856 -466 683 599
764 945 -752 -860 192
989 -427 -76 813 397
-185 -656 -297 673 -625
-990 -205 507 -507 733
628 706 445 484 157
411 939 -147 -230 -287
217 363 555 198 822
-799 -901 354 -316 271
-680 357 -320 -682 125
-316 -411 -662 -174 861
907 480 830 -794 -19
-995 -977 379 -514 433
-590 58 17 -813 612
-57 -963 613 574 188
54 932 349 -196 523
-124 -802 -996 401 562
-939 -841 -399 584 -881
809 -906 617 483 104
-569 326 241 976 -847
373 492 -52 83 -223
570 -235 -833 -408 551
593 95 -784 330 -73
-672 712 -30 61 765
[RUN #1 3 100]
-940 303 -573
-714 222 -368
-841 -599 -771
43 -940 -930
266 510 -202
303 -747 -762
-36 -51 -283
504 -709 -894
780 -753 -218
-395 909 -3
-195 -818 195
420 -372 487
292 -964 -313
-323 621 -643
426 -26 160
64 -419 -162
544 -891 891
93 917 376
850 93 -566
122 -306 -967
238 -205 91
-532 -949 998
877 -427 895
-778 -966 -94
-652 63 936
-759 -412 -418
-580 629 -629
402 640 -819
-289 -143 -704
765 53 549
-417 495 153
-495 693 -413
-328 -856 -124
738 718 486
688 -636 960
342 -201 355
167 -650 -21
-681 332 -649
-314 -834 -161
787 322 60
229 937 -200
-706 524 856
-281 -539 -947
898 -368 -956
-396 317 -954
-560 -856 654
-573 -879 -250
430 -386 214
-920 952 -735
834 798 976
205 507 564
-825 -380 -696
862 571 557
-708 -136 -940
-674 -590 -708
-163 -607 408
-256 485 123
664 622 218
-574 -953 895
-991 615 -678
170 -394 766
-872 22 100
90 757 -6
632 448 239
-360 -887 -361
650 -896 877
-140 -88 938
-473 569 -802
-367 -453 -753
-584 543 -320
-979 -660 395
44 808 -54
21 782 377
-216 -669 701
-581 -383 -563
29 -30 857
-378 374 419
-882 -9 -290
419 -400 -917
289 -695 495
-660 -210 336
866 -691 -952
-24 -144 935
889 39 -552
-510 335 283
899 -159 -610
-691 554 365
-182 200 -850
474 -894 -901
486 -654 -182
503 -609 -443
31 286 327
-834 619 323
121 674 -212
-613 60 -918
887 424 914
-581 -803 28
-601 686 167
855 160 -821
-217 540 860
[RUN #2 3 100]
-322 -456 821
-966 347 378
-858 -84 -525
-705 -418 -256
-17 766 386
-405 -635 -496
-766 911 -417
147 252 -980
864 -327 -91
-642 47 -177
82 905 710
6 799 -154
-637 877 814
-681 77 988
-934 -66 392
985 94 -908
141 41 976
938 169 303
974 469 -852
507 -520 835
546 512 297
-962 322 934
161 -680 -789
469 -30 62
419 518 -599
-777 796 343
241 -35 52
-258 -810 542
-925 -614 -863
914 240 -397
-296 751 -604
-10 225 929
94 847 -369
851 116 499
105 -126 976
-836 525 -748
-304 207 987
-85 448 607
921 -260 -364
201 -414 741
-290 -573 -550
753 977 -908
485 -139 -413
-585 -370 -817
-879 -316 -976
927 893 -529
-989 -804 -7
-111 277 -985
-964 481 -719
-577 968 379
217 -310 597
454 -211 159
-988 493 -362
-507 -667 -231
-542 209 414
528 831 484
553 -83 648
744 269 352
-285 -915 -348
588 -821 207
898 -869 -133
915 222 -213
785 171 -541
41 964 102
-517 -231 622
-268 -294 -320
217 -615 480
122 -726 -246
598 -279 139
435 643 954
913 -542 -796
135 -617 218
-607 -870 442
502 923 928
-824 -560 -103
86 -950 255
-170 -688 -85
-197 -99 766
985 42 -418
645 418 105
-429 745 -185
-245 -967 747
568 -393 -898
222 206 915
-625 87 694
-642 360 313
-700 -674 -265
23 145 85
-274 605 -280
-685 -120 798
-630 174 -352
-252 -191 894
668 -60 369
-237 -819 -963
477 -732 343
-650 -513 760
-211 592 373
832 -277 925
326 855 509
650 852 -96
[RUN #3 3 100]
557 -537 293
151 -597 440
-554 143 570
423 -550 -12
635 250 -322
-575 -416 138
-613 -764 -172
988 -600 -796
539 272 -460
-976 -489 398
887 -423 647
637 -209 -562
50 695 -342
569 -661 292
576 -53 -751
683 116 810
-957 887 -586
-719 -744 -365
333 995 952
60 3 -877
-25 -740 -119
766 -653 427
-147 -425 436
255 -222 -625
447 -226 -330
-615 74 -5
354 -984 -864
557 -494 747
-330 927 -146
820 448 15
500 -588 510
-544 723 149
948 -187 -707
-731 -822 5
897 -575 512
-750 362 33
997 879 590
844 400 826
-17 2 -92
-179 961 -129
300 -135 -672
-52 -350 -916
-390 47 565
-249 -282 -959
81 -398 -483
209 785 152
-685 -710 -610
-778 -464 -997
302 136 622
-110 -568 -446
-594 792 480
20 -174 -679
-549 -456 912
174 58 -774
-198 -326 -510
395 -250 448
103 400 -937
737 243 948
309 884 -688
-486 -149 407
394 -796 -254
-911 602 -3
-717 370 198
-218 659 -340
32 -492 -890
-841 515 627
381 481 -731
128 -333 524
640 158 864
293 838 81
-619 -16 -814
-798 545 150
-627 -576 844
32 154 -573
119 910 -180
-227 584 -859
785 534 436
873 -45 -173
-657 966 -76
-538 -679 -320
-988 -469 -606
497 546 -638
44 -585 258
-323 -75 374
581 -692 57
-912 610 806
874 -966 644
902 -731 317
-767 912 -91
-810 588 -531
-937 -804 712
174 -411 -911
106 -215 793
-43 801 883
-287 941 139
-458 -907 146
-680 412 -250
289 569 -257
688 -202 882
241 818 292
[RUN #4 3 100]
-127 -458 87
-805 624 645
796 -237 456
-770 -668 -326
735 -779 -215
808 606 327
-682 850 -158
794 -203 -660
-55 -72 56
558 120 -921
-512 -353 -601
-309 -778 665
866 -649 190
376 -303 759
-865 600 159
-228 -452 -46
997 442 -174
778 -220 -886
636 935 -333
-441 -641 -577
192 373 -932
83 -955 -753
-950 -794 -532
-846 672 61
-407 -117 -253
802 -262 -941
-905 -348 -405
905 18 387
-714 -528 675
109 -687 624
384 130 -946
949 382 -31
-797 -727 -177
326 -344 -711
-993 -570 -595
-476 483 359
-170 -381 651
-175 299 663
-506 -894 -888
-450 -188 -789
-830 389 -263
-965 705 333
-964 -767 -946
-879 -310 272
385 -728 -381
606 -893 -807
93 197 310
-343 534 -960
170 -115 -248
-61 172 641
-701 -447 80
741 -51 249
165 -732 -757
-313 164 -183
-18 448 -81
541 922 317
-521 -923 -509
96 -585 676
-717 -592 -633
-275 -339 -475
-740 -925 -24
250 -666 526
915 567 419
-189 935 940
-14 428 -858
974 -947 467
84 -964 217
138 528 561
-266 741 -28
453 698 90
-525 779 646
-418 -562 -768
714 -444 -980
-639 -335 -509
-25 -13 -196
-476 -301 -44
-528 45 -598
-460 975 -130
107 494 -269
497 -22 932
542 -365 -449
968 -57 942
447 -373 -424
-20 -415 626
462 -845 773
-12 -808 -111
350 159 927
-155 -326 56
419 549 -569
-567 -371 7
-812 399 205
-695 -358 584
-235 -988 875
-193 565 -999
-646 -814 -969
775 -826 -675
-984 -953 580
37 -849 0
653 -221 388
917 952 41
[RUN #5 3 100]
-98 191 346
-182 -545 306
-522 541 902
24 -264 408
41 -321 -609
[RUN #6 3 100]
-427 -171 -253
-883 367 592
567 -452 -71
-676 -956 -663
-196 998 225
338 -334 853
-634 -537 871
-468 -354 163
10 404 604
-612 925 -492
303 160 -806
-141 953 -499
-555 -60 735
110 631 -67
-633 734 -104
-18 -163 615
837 -605 356
179 663 -992
-698 52 -675
-760 96 492
916 -343 577
-356 560 388
927 510 -578
-853 208 -3
-736 918 -733
496 365 435
860 626 -575
707 -819 821
-997 229 996
249 -783 -754
-983 804 -872
524 388 681
[RUN #7 3 100]
163 323 239
-245 -743 -576
5 941 768
865 190 -44
-60 509 -466
456 -89 422
589 -744 -246
-144 689 -746
-445 291 610
-529 101 406
854 -497 392
-658 733 -17
450 613 -368
735 -199 -326
134 -578 513
912 911 689
943 -31 116
-8 -797 460
29 -125 129
941 732 -163
928 -558 116
-262 71 372
-435 -592 965
970 -595 -866
-79 690 -32
918 414 -254
-496 949 -556
438 -980 42
556 -586 -779
185 6 -61
676 -539 937
466 -753 -93
220 -697 -536
-813 690 -954
875 960 872
706 -518 -400
820 642 927
55 -496 -582
-366 -920 736
589 -850 391
-870 -31 -820
521 686 -679
-14 -17 -500
791 609 -744
349 392 333
625 -717 649
665 -901 766
-384 360 -170
304 -565 984
179 -369 495
-144 583 558
-985 -850 493
-844 -851 -451
803 885 444
919 -660 -835
621 288 119
-621 841 -234
596 96 945
542 877 -911
-172 576 454
-618 -368 -377
-305 294 -158
-396 -848 789
73 647 738
-376 692 896
-705 850 -109
130 -56 -11
-714 -136 -326
-915 -497 -224
-183 -124 736
233 -211 -772
227 -605 -860
64 79 36
177 -559 -591
-108 -845 -656
233 695 -974
-815 -735 391
511 504 920
660 -959 -63
-491 -7 -504
460 991 -781
293 -178 -560
122 -507 75
967 -702 -678
-607 468 -370
582 -759 -295
-927 255 910
271 364 785
93 513 -696
825 -640 -160
793 -685 -604
-927 -773 -82
-695 143 -824
-375 391 -468
-956 -3 -633
414 -580 -648
294 -399 -933
-833 0 427
720 -691 -33
-214 258 -618
[RUN #8 3 500]
253 -699 496
753 979 -871
113 -86 -162
-423 -207 -783
192 925 -297
-569 344 699
421 -223 952
-359 -139 886
[RUN #9 3 500]
164 -196 -3
-681 431 58
967 352 106
-945 -606 -886
-633 -165 -85
500 -749 -799
793 368 636
-912 -942 982
150 -796 -992
-88 -120 546
-528 600 -206
132 874 -547
111 500 803
747 -668 -480
829 -819 338
-232 -362 -586
[RUN #10 3 100]
-191 731 -534
150 -30 -57
-683 68 530
-847 -25 -433
-560 -663 960
-509 342 -29
-278 816 -734
-641 -626 601
951 286 -604
-403 -167 566
911 -742 -163
165 -389 583
682 -961 201
-211 608 126
-358 -788 -124
-926 211 -919
211 -459 -322
-661 -488 199
890 -434 507
826 -778 560
-150 -573 594
189 475 -546
457 -905 -123
-984 160 428
-374 -995 -501
[RUN #11 3 100]
-552 524 247
-893 236 772
576 -335 788
-461 -673 901
-348 -917 65
341 -835 -557
766 -984 108
-624 -260 -225
202 -539 -618
178 -127 231
-376 737 66
808 -973 380
-996 -865 -706
243 -91 -104
594 -967 119
-372 -572 502
-447 -676 -409
452 -589 -814
459 262 190
-669 751 308
-552 -976 -764
209 935 -574
-60 243 -90
-311 164 -561
-63 -731 -666
-973 955 -822
970 756 -472
47 -700 -74
-234 888 788
-205 207 -21
-581 -115 -69
-118 376 776
-506 -293 -251
-234 -847 520
746 225 -981
-57 -615 -429
-536 394 -631
11 323 -155
458 500 -119
-615 -767 -610
-487 902 -776
-95 747 -704
780 -589 -890
-130 -535 -257
909 -651 127
789 274 511
249 698 415
493 269 556
76 964 -927
639 -55 518
-820 926 988
475 449 -9
775 -97 705
-926 615 97
838 -363 241
392 874 902
490 -587 -387
-465 -796 -79
304 -94 288
-694 789 272
-192 757 -211
87 995 689
-136 304 -977
-303 -945 113
799 -894 196
-698 959 -356
[RUN #12 3 10]
-870 -266 -617
-5 -978 -958
-381 64 770
-536 -376 -157
806 -879 454
-559 985 -943
883 -992 -133
838 -870 -362
119 60 -124
-830 -36 -529
[RUN #13 3 10]
703 -827 -336
-879 -50 -370
-600 -137 810
-33 -268 -452
987 853 121
812 798 633
211 -478 688
105 715 -705
-447 -177 -959
195 318 385
[RUN #14 3 10]
149 528 -836
-875 -413 436
-673 -907 354
72 -513 565
73 297 42
-565 600 -255
-519 -800 523
-579 -866 -452
-361 -570 -796
456 -813 -535
[RUN #15 3 10]
436 968 -982
201 -576 -788
-882 -998 112
188 -286 1
-211 763 -581
-456 -160 -788
592 -209 -49
-118 -197 710
-599 -387 -422
-735 -569 -49
[RUN #16 3 10]
929 990 531
676 286 -782
60 727 694
107 -2 931
-116 869 8
687 -173 852
-8 746 888
864 -319 -132
730 -644 -433
-553 226 804
[RUN #17 3 10]
716 -954 886
272 -800 947
-448 -17 591
578 -239 -16
-76 -728 758
961 -237 -171
608 -437 -222
873 923 156
-145 330 162
902 -54 -78
[RUN #18 3 500]
277 -274 729
-245 799 -872
594 807 -11
-927 881 733
70 -781 -694
-310 759 75
-105 -5 -857
-361 913 -383
-166 750 -11
472 -223 572
312 -563 92
-697 -906 103
-697 -176 200
-730 113 -816
341 -746 -14
-727 -854 884
-350 -534 138
-91 676 -132
-222 -276 -248
841 298 36
157 585 465
303 -184 -861
176 -802 586
380 291 -784
863 985 -167
527 -869 -693
248 -542 507
240 63 292
-328 230 290
-788 -181 -595
587 362 -43
877 -171 -163
-510 941 -360
526 -879 658
708 -508 -766
221 -559 -465
-440 -80 885
460 486 -603
-569 975 79
874 127 -945
900 -628 836
-505 -572 -559
882 -192 -812
68 924 -545
-551 -848 219
436 770 -740
-712 888 789
853 165 160
981 -990 797
-467 -863 701
-827 372 835
536 790 299
69 -20 -464
-24 -59 358
806 -765 439
67 -652 688
-298 -209 -859
279 -908 9
-948 304 396
18 -803 330
305 525 -732
50 -828 852
840 -25 292
159 -183 817
-713 410 -576
25 -585 -614
-911 -495 563
-76 -94 223
519 965 206
-73 -248 225
234 -337 891
722 648 -295
-517 -994 533
-430 -637 -731
262 -149 270
-546 852 -8
-328 -313 215
608 -927 -127
-805 812 19
40 537 792
461 -588 367
201 -880 389
6 -218 -86
656 -21 -526
-23 335 840
447 86 132
597 -121 529
353 863 962
-358 932 878
-386 398 305
-90 750 -333
-926 -487 22
918 -676 -687
-777 -860 -348
-503 229 71
895 109 574
38 -91 -101
710 -207 -215
157 -696 -288
-645 899 855
-384 -369 171
-731 385 516
-944 -601 203
855 -856 -55
-419 -756 -204
562 -908 -553
535 575 682
-975 991 975
287 -926 -108
863 -384 322
-336 -958 -716
461 460 -789
-86 861 -296
677 71 708
-663 -734 130
-607 446 -348
-554 637 30
619 -266 957
89 515 673
-20 -299 572
-900 -697 -655
947 924 939
-163 -117 581
655 -429 -780
-615 351 -398
-453 -791 325
-142 -677 -528
189 -383 557
-303 -619 67
974 -315 -185
-279 -428 -511
-463 -574 -227
665 -325 -312
-731 687 -838
-521 -567 785
222 232 -324
-736 210 -798
-547 -161 334
700 -37 -697
437 -277 35
-509 897 -882
941 -97 -17
846 -263 -775
-682 689 -375
348 -445 -275
436 420 -178
993 700 600
-833 -554 974
795 188 317
-831 -175 121
619 -844 -126
-988 -651 -506
823 440 -919
935 -242 -336
-433 -953 825
-213 270 987
-545 179 -688
-753 238 -127
-813 939 -2
-265 432 12
-416 224 896
536 -656 766
190 877 -892
258 -856 68
-705 623 -273
456 -222 -228
-921 780 349
581 -424 -762
-235 609 -613
738 -421 -835
-26 584 -120
-345 -877 945
-188 958 -931
-922 976 494
698 519 -787
198 136 -906
677 -803 647
336 -811 45
-371 -974 458
-961 -108 68
-353 101 -723
-327 -137 513
-368 -745 208
-166 -501 217
141 -181 204
678 -175 -827
935 -416 410
-255 515 388
193 -38 -967
-521 -904 -25
138 -90 -291
-666 297 -865
857 -810 -614
323 -847 -910
-546 486 37
122 -866 -355
-95 592 99
31 493 743
895 175 870
438 622 428
-974 371 24
928 590 722
-70 145 -315
-346 216 299
-543 34 972
-901 905 -689
576 527 -786
-222 675 382
-109 223 -924
-356 517 165
-872 300 -328
-999 -298 -86
219 287 -851
462 187 -113
689 991 -967
-846 -209 900
3 -922 477
-477 809 -585
797 289 -517
483 -267 633
413 -901 124
-896 690 -759
308 -902 -733
447 823 -247
86 112 289
487 508 611
-301 68 -829
247 995 -611
-124 652 191
821 -730 355
596 -756 815
968 246 -530
257 -780 428
481 -790 169
-701 515 116
90 287 993
-374 89 104
618 -871 -740
383 -853 69
658 -264 -945
-136 189 402
55 -867 -102
-545 -814 -274
-87 -751 -97
590 -727 742
-135 882 -736
922 -765 641
796 504 187
459 -239 852
209 402 569
291 953 403
-618 -976 -18
399 -299 -106
-439 -425 -304
-102 713 939
-943 -106 955
-512 -1 -444
-722 -370 -56
596 399 775
672 -504 106
-517 334 564
168 725 632
-19 261 939
-712 -910 -455
852 -898 643
-595 348 -476
318 413 716
782 59 -482
630 764 61
-380 978 -155
-567 886 297
557 -809 507
681 317 -427
432 -897 960
-526 -695 -197
-385 -345 -992
674 -415 499
839 624 -307
341 922 -353
557 -375 136
-92 60 -602
-233 -571 931
-573 -392 845
384 277 517
40 -357 -178
-170 -723 301
517 -648 -508
185 93 -375
-662 379 334
444 644 -319
912 -229 242
753 459 123
923 -784 -896
-157 987 362
182 -766 -999
947 -237 -907
473 -640 967
-785 529 -713
229 227 -707
520 -800 -893
768 -476 504
921 -484 648
710 -740 924
-955 99 -519
71 972 -352
805 -521 -296
656 212 -305
453 -788 251
-88 -986 275
-373 356 519
845 -869 -387
-317 381 242
-869 133 173
-528 256 -925
-602 737 -611
-790 -321 168
-606 747 658
-822 880 22
-718 432 103
-25 433 377
928 -48 -791
960 521 -806
-280 -983 930
-830 452 949
-314 604 742
-552 -290 -145
377 973 -713
-42 315 -356
908 720 313
-457 800 -443
-94 -934 819
-184 222 -365
-779 151 -373
963 318 304
-202 -181 437
-97 -831 -87
730 -756 -268
395 593 777
158 719 433
-606 662 -583
-821 -52 416
640 -467 -696
712 -643 -990
761 560 131
-9 -772 -459
262 -403 568
358 56 -516
925 -204 564
198 -957 423
-198 -768 -362
185 -826 -926
700 -929 617
619 952 -682
-297 -374 -435
-534 -360 760
490 -427 -398
-735 -306 -809
203 802 104
451 -930 699
453 884 942
-903 -252 -946
704 910 -962
-826 -69 -822
-940 -870 161
42 404 -346
-840 -330 830
559 510 -648
98 -623 -94
-843 514 408
-768 -212 -873
818 712 -704
61 -889 -260
-249 677 745
-913 711 245
479 -68 -690
-487 -295 787
710 -107 256
494 -33 576
2 -690 -499
21 564 516
-720 225 619
-989 801 -755
-588 290 -743
176 -752 398
-155 -879 319
-492 -28 271
12 321 528
709 106 -167
345 349 936
132 -336 -356
176 -719 612
726 -452 -193
410 -559 -160
-459 920 191
-636 374 -261
-173 -178 338
-703 458 -44
578 266 -939
44 766 -719
-274 521 975
-394 703 -598
723 -670 -637
572 549 -313
860 663 237
-634 -136 290
-649 -311 490
-459 113 118
-22 829 -872
528 -325 186
988 -897 552
63 -164 -509
248 911 -440
999 -802 -957
-585 -302 -315
-505 -160 -890
-46 873 -881
-141 353 566
-606 -538 481
950 -734 -35
948 -919 -366
-59 813 -687
-18 -300 -589
528 -90 730
-733 933 605
134 -231 631
-253 -99 565
698 956 -435
-700 -508 -684
-644 -471 43
261 853 753
-983 -411 -315
874 -952 -869
114 -761 544
176 295 541
-648 502 -448
-299 150 -964
276 187 -638
-396 338 -118
-224 -449 -291
-799 56 -627
294 264 974
290 839 -756
138 399 -515
-864 47 962
-517 -597 603
631 359 -26
353 -32 -674
5 -176 900
957 872 250
732 -217 -904
542 604 440
835 787 -122
921 559 -69
-298 463 55
333 -98 -135
-465 155 509
452 405 -505
-621 734 561
-851 699 -651
594 -159 -599
-991 974 111
-146 -397 -836
650 -661 -245
904 131 58
-228 55 329
-143 -940 683
416 250 258
93 617 -990
-915 -449 -654
399 -789 -296
-181 -268 430
-375 -137 703
-655 -925 827
307 338 -122
-108 228 -10
119 106 973
392 799 344
-394 223 107
-745 146 -201
391 606 -123
167 424 -991
274 -97 -81
277 -368 689
977 648 927
-522 -851 532
-192 611 -644
683 154 -192
9 479 -802
17 -507 27
-346 17 -747
-520 -91 -879
49 385 592
-204 -17 -144
-534 651 -993
381 -438 -431
192 28 -503
-138 -983 363
700 -62 -786
896 -446 -300
751 250 -708
[RUN #19 3 500]
80 -763 -949
-329 703 -176
-2 -698 707
-719 -110 857
-143 515 30
-350 -964 439
-345 157 -268
-580 -963 64
507 -156 156
-167 -708 214
-681 -97 128
-236 837 -640
-597 119 -511
-620 -852 644
910 -863 957
-453 -169 -204
198 -366 93
-547 868 -7
308 -844 -535
386 644 625
-430 -454 644
-4 264 157
168 -288 -680
-842 66 483
62 306 946
-387 -322 -986
-335 573 370
-529 -332 744
503 -634 890
-751 97 -763
-965 -51 225
877 -939 315
83 -629 -285
435 -147 206
744 -30 -970
80 2 78
832 -3 -141
-315 -555 136
975 -186 806
617 -923 -744
-350 650 -740
460 447 -411
-53 845 293
-46 216 439
-58 -513 903
706 242 -788
629 661 968
-953 190 421
918 -120 205
-98 987 -432
-319 -465 -824
762 226 -154
371 762 963
-474 -374 335
-44 189 829
385 14 734
-589 646 140
423 636 -178
11 299 437
495 -973 562
307 -238 383
519 795 647
-527 688 935
58 937 -445
687 -896 57
685 232 59
292 -544 754
835 -968 -266
-783 -193 809
129 -475 -276
689 335 -229
-130 658 61
879 151 -526
452 388 -440
-63 -216 889
-471 -480 -38
-330 883 902
-532 -693 292
225 -47 -798
-824 -297 45
313 489 874
-977 -432 -162
-369 -903 956
293 -890 41
189 -442 -809
-465 603 946
-125 433 -443
-871 111 791
-753 -675 -508
-610 508 725
-208 500 99
373 383 -54
632 -800 -851
-486 516 -402
-283 966 466
971 -285 -953
321 923 225
[RUN #20 3 5000]
-771 -417 934
384 964 -815
419 -758 -591
-214 846 209
491 -634 -47
542 -780 -634
88 965 308
385 152 -163
979 461 477
-177 -846 -632
804 515 -76
-969 -941 458
512 127 411
758 -77 321
-777 243 -484
-966 55 -303
-801 -293 -332
-312 671 626
-636 651 587
-166 251 -274
918 -737 -660
612 -167 452
-789 -634 -778
410 281 -594
-217 332 -126
-77 -533 768
-736 -165 -765
-533 517 96
900 431 359
119 918 756
-909 245 598
-725 -536 370
-311 434 -893
288 237 -461
170 -841 -790
315 180 360
-220 803 -686
-114 480 -845
88 336 33
843 -520 -427
15 -422 -282
-976 -605 259
918 -663 -747
-111 -839 670
-215 -653 -556
-227 -722 912
-500 9 787
358 978 675
-739 -115 156
-445 -673 -781
-123 888 225
-99 -128 -336
-16 -856 -226
511 592 -741
-535 -878 -695
227 -761 -319
613 980 -464
190 225 760
-495 811 818
177 -363 820
-743 -138 414
146 -290 -35
-989 413 -381
-800 968 474
434 18 148
483 -946 -337
-352 802 381
-399 890 944
557 264 -150
976 -817 738
101 828 -814
512 -97 -880
478 225 198
656 409 -818
330 -733 -853
745 -206 317
-531 -734 -224
-990 -289 -283
417 895 905
421 637 721
244 -109 427
-424 -891 -272
787 946 880
676 -470 319
-478 -887 613
-560 -704 343
-739 -102 -14
-186 -393 475
-171 95 392
-161 -6 60
-503 916 790
114 983 -53
-629 133 935
999 324 196
-969 -264 123
643 705 47
10 264 840
-636 742 -572
536 -764 166
743 -287 -190
14 -165 -415
650 48 -550
-849 834 531
-515 4 855
206 543 -266
165 -55 858
178 394 637
-761 15 -103
168 -472 906
-550 926 -41
-427 -197 131
-244 -163 316
268 944 -321
486 -933 -575
300 -776 405
-535 -276 -208
460 533 -515
208 -342 -51
-487 -892 632
874 350 -984
-871 112 -759
-192 -880 -164
561 441 -783
-369 -912 137
726 961 205
647 -777 -335
443 51 -842
358 -385 722
449 915 -633
655 426 626
-57 -151 -930
-781 684 -557
897 -306 -158
-788 -272 771
125 -964 -574
34 499 498
-733 319 337
-173 -229 -626
756 69 707
-352 -390 -797
916 507 -868
606 516 353
653 75 467
420 447 726
-444 940 -362
755 -654 -32
437 814 857
-377 -591 703
881 566 993
-499 275 215
781 -94 -579
-122 -326 -493
352 -983 617
-875 -85 810
-170 -690 -168
-257 -545 -147
-119 -576 274
-362 570 -929
664 787 -850
595 82 -434
938 184 94
-537 -902 -8
-935 -229 970
-714 -365 -51
-384 689 -256
352 254 -169
-697 618 541
553 -322 606
32 -785 -493
-315 466 911
199 -81 -929
-560 -737 199
76 278 -959
876 -798 444
-577 -368 -124
-566 -723 223
-890 -689 323
-382 399 -462
-133 681 973
659 672 -497
-995 206 14
156 -107 558
232 -124 19
-192 530 -345
117 761 142
-889 -26 -396
-261 -648 -897
507 -95 -85
883 291 421
245 -411 126
437 -149 -318
605 11 -759
374 860 283
34 120 100
-850 -179 223
504 140 -909
491 488 342
901 402 571
-918 326 77
866 886 732
-261 -51 -345
-777 -814 -739
-48 -752 -577
-853 -512 484
84 371 -93
-428 -645 334
615 238 -453
140 -797 662
-424 -496 -651
202 866 -965
423 355 -704
-275 562 908
-233 -768 491
-196 -10 648
437 -156 -912
185 -798 -105
-851 517 367
505 -565 -598
-348 -537 98
-501 299 545
949 -510 290
91 -415 -307
622 -27 167
-1 367 876
394 -914 -913
-803 739 411
858 -449 276
712 214 -532
701 -227 -883
-696 2 15
384 455 106
29 563 -407
851 -631 648
-662 448 -158
804 876 140
-334 500 797
408 920 443
-59 541 -340
-417 -416 -874
983 518 -591
195 975 219
-550 875 711
893 -468 363
896 505 549
123 100 478
-416 364 278
-979 -682 -493
597 -33 -122
-109 -750 474
483 -326 647
697 230 972
-373 802 462
787 369 872
28 -992 245
-553 -865 598
-890 -306 768
-481 791 -389
634 -968 887
409 -1 858
737 711 251
467 -764 -364
-235 -754 549
-611 992 221
249 -697 -66
531 672 612
810 80 426
67 291 166
488 -278 -337
876 -817 -119
521 -979 -38
-37 -818 601
336 -260 -561
-675 -57 117
782 988 -493
489 -658 -219
-614 73 260
218 -109 200
-318 -934 -820
-435 -277 -845
289 944 -748
-298 -631 -909
985 -732 -245
478 -555 -79
232 -880 -725
-134 -804 -569
-837 -838 -93
373 820 -877
-399 729 -180
-366 -509 -307
-315 566 738
94 74 245
866 -418 556
-683 -506 -150
620 21 426
-652 304 -653
-411 -169 -214
22 347 -527
50 274 -687
324 -959 923
212 -838 -247
176 986 -867
-306 791 823
241 -943 9
-223 -245 -623
-36 810 716
-126 -778 -172
-977 -889 98
306 142 737
-957 -119 248
-19 685 -348
-104 61 489
365 -572 570
-989 -51 -458
371 624 -781
-933 989 196
-979 -150 673
-893 -30 -73
122 9 520
-948 -666 146
893 -702 680
-755 -358 -184
488 -352 -597
-681 170 -282
-79 524 155
-6 310 -142
-334 530 357
-960 -18 -681
991 494 329
-25 787 -916
49 662 708
-338 -393 -92
-125 -762 852
768 -40 -769
448 -269 -953
460 -363 515
599 727 -347
-16 -384 -630
-629 -987 -857
-501 743 -953
-294 737 719
822 530 -924
-590 -290 -377
-192 -356 833
-633 308 -575
-922 639 808
-513 192 512
-32 318 -708
475 -500 -239
572 517 -336
-698 -203 -745
-156 394 -100
-705 -19 669
949 388 464
-96 108 -162
-611 -128 -806
-759 -446 -604
-944 -208 -686
-98 -86 -506
-90 252 -370
167 -622 -295
-1 -341 -317
243 875 -447
-344 -366 -388
-763 78 29
354 941 -599
-964 789 459
-939 382 64
-756 -669 829
744 -565 190
-574 969 -658
189 779 899
-560 847 -388
580 -351 -739
-46 -164 897
269 478 828
-757 -8 78
-808 -83 925
-188 268 362
714 703 -914
687 -42 747
246 -50 748
-155 595 -317
-423 -376 308
123 -980 -706
-635 -891 -245
-172 -382 90
691 -726 745
-840 -741 534
-886 971 706
-188 -120 395
-503 475 225
-172 -85 465
402 -741 988
-979 680 626
829 -980 12
721 -53 572
64 -625 301
-277 -256 608
929 -997 800
-434 668 768
250 633 153
674 -514 185
142 -269 517
662 949 632
656 -823 -683
924 -631 152
657 -529 -519
534 -686 -101
760 665 20
-722 -199 -921
-442 -400 357
-807 -844 860
-712 176 262
730 -195 242
-914 -77 -978
-101 883 -759
524 -330 200
-976 104 267
664 38 -498
-772 -472 313
320 -110 -671
-289 -352 -788
898 398 -240
629 -745 -267
299 445 980
182 108 -817
682 894 -446
-36 470 -725
559 922 815
106 -76 -999
738 -448 -584
-947 921 735
590 73 57
-891 262 -393
-99 24 -132
-563 447 889
-959 964 168
692 -214 -954
-44 -869 575
261 233 147
171 477 228
472 -596 -970
87 -131 692
-13 -99 -221
-662 -407 381
829 -673 -581
-490 563 -18
-433 528 -361
728 -244 964
981 -303 554
467 -376 877
808 863 -899
-437 -264 -269
-614 -821 149
-382 -543 -899
732 749 -475
-92 343 884
90 463 964
210 -219 969
309 -657 191
-61 -549 86
-973 422 -847
830 915 584
-995 -388 -28
876 -190 769
-478 -115 -624
-800 -364 -45
-574 283 -171
898 -405 65
738 -27 915
46 -426 -471
787 -63 -772
-112 -575 -830
539 -10 -314
697 526 866
833 451 948
492 851 -129
662 890 843
870 -331 880
-834 945 459
-173 575 -287
972 -757 297
-816 -695 191
-934 601 972
277 83 613
-663 504 -16
-770 -813 -901
247 -598 -335
-290 272 528
858 -334 -234
-8 -364 -43
873 -343 -105
515 86 -903
878 300 -775
-814 -718 898
-905 -213 -373
-167 -292 -480
-882 -331 -692
-588 -24 -252
681 -137 -395
-709 -296 2
-629 258 -838
664 729 32
-496 -946 22
-618 -586 -896
-11 160 -475
-265 -912 -196
417 77 366
-908 -78 715
-679 604 -883
294 969 863
-323 942 350
-405 -263 -201
750 -100 96
-634 -623 -969
-566 956 -8
714 164 -721
817 885 -385
-114 -398 622
648 -421 -163
-135 411 -966
95 -78 -105
897 -508 -439
-514 950 -434
52 -198 322
-985 613 214
352 910 -767
624 110 -612
-699 -128 -936
-903 80 526
431 278 -273
792 618 344
312 -13 -387
-64 518 27
-16 915 952
-150 -276 -558
698 786 -314
251 450 -322
-94 -179 -882
631 -555 -433
-579 -478 288
-390 145 506
-241 -196 828
-302 694 -685
197 -124 -557
-280 748 579
-510 257 351
549 727 -97
-446 -659 783
873 795 98
313 -207 -659
545 -987 -352
231 953 -121
636 399 -787
771 -224 -101
-881 24 537
-289 -564 146
135 -78 839
613 383 -362
574 -91 504
-473 606 786
288 725 -196
-384 -213 305
597 -275 -325
488 -36 330
123 -374 -892
893 -683 383
251 -312 487
337 859 536
124 -765 -253
-78 -284 60
-764 303 -717
167 314 -534
-706 556 709
-590 521 423
-261 -302 505
652 -199 -17
-605 -167 -484
615 -349 -951
249 -463 -624
-864 -765 643
-222 -440 424
-72 -660 -560
-225 -671 -775
-408 864 785
-54 -995 -897
336 -634 892
483 626 -541
852 -987 957
-912 551 505
-828 805 790
-267 301 -576
20 -566 78
-109 194 973
-133 -253 889
750 182 -576
823 -637 899
172 759 -535
-953 233 949
397 -544 -901
875 -926 536
-31 -85 -774
-921 95 562
807 -903 863
678 -474 241
879 -736 -342
-835 654 -712
617 947 35
152 -28 -97
-593 -165 -143
-662 -605 754
-797 169 860
263 452 -613
-165 342 -5
445 -222 -249
-316 -272 -318
-478 -262 -208
-867 630 812
401 752 -435
-843 -378 545
-175 284 -678
-64 137 -515
-208 -906 -599
-48 645 -907
-513 146 -757
-835 504 -731
773 251 -210
958 498 -812
846 770 -455
-347 488 556
937 927 -675
-567 -489 -122
235 617 -670
-781 939 122
-942 -982 -323
-778 -220 -433
-503 -701 -458
-464 -864 884
-470 262 628
-777 -585 885
-102 -314 32
-765 851 -380
523 625 858
870 827 -200
630 -838 589
874 723 575
492 -443 498
426 -999 814
-631 147 -445
613 -24 867
-207 636 -752
552 300 430
176 -352 -503
-503 66 372
-46 -435 -622
-379 -643 443
-698 -263 -998
526 500 554
-434 25 -716
-886 177 855
768 -577 258
435 -589 -578
-68 -373 -548
-816 -464 -509
586 998 -514
635 993 -418
618 -488 -476
-536 -177 -22
-536 -195 873
296 931 -763
90 352 425
449 -64 612
-764 -981 998
-543 -553 918
-826 97 460
31 -81 977
183 -536 197
-267 150 969
-73 -832 343
45 -406 -181
591 -464 402
-122 -992 -799
-196 -135 -780
-704 -547 742
23 -902 -592
-320 -914 -739
664 -544 -580
55 193 937
942 -449 995
-80 644 -39
-379 -824 -538
-703 625 -708
437 -480 -317
550 460 768
-177 230 466
-359 -976 349
817 206 313
-430 -472 592
935 -514 125
-277 307 -748
-691 -970 -491
372 -601 -257
723 306 694
-720 105 -726
-844 77 235
-322 -824 -804
-167 -143 -57
-760 651 -389
864 -272 -552
207 257 -45
-474 -805 -134
-60 383 165
-464 -333 -133
377 -492 -975
768 -676 248
426 -709 -6
-363 -282 969
659 -430 42
638 -905 176
359 674 795
235 877 -803
-782 582 935
448 967 975
-268 -204 22
-459 360 -566
833 255 518
394 -929 -742
186 184 -811
-541 551 -735
-168 707 171
899 -633 809
-208 50 -419
-956 -656 318
434 591 474
-796 68 426
-399 706 -526
727 388 230
252 -12 -263
889 -910 482
-613 372 -343
855 499 -138
-246 564 655
-307 916 -700
522 -995 -303
37 -622 -836
-146 -583 -699
-379 -745 134
137 -625 401
930 517 341
-803 -994 -809
458 -817 -639
-806 -489 127
-978 -107 875
650 566 537
-584 -561 807
-293 254 -504
558 -247 51
-875 -799 -59
443 706 -647
322 499 83
-700 -267 -164
-535 -87 214
533 -936 385
-366 786 -785
-72 934 264
-500 660 -135
-403 513 229
958 -292 -718
-331 764 -895
-468 957 13
818 -620 -543
-593 7 -449
462 523 371
516 -533 971
945 -227 -678
521 -70 274
-228 687 879
546 212 -292
939 440 445
-291 103 300
-13 826 316
983 462 724
802 877 196
280 -425 331
51 764 -500
-593 51 257
608 -187 -42
259 -300 300
-530 731 -437
96 721 475
33 -503 -704
-86 -130 813
-481 -357 -379
282 -859 -712
704 -199 234
416 -581 -421
815 -902 -492
-493 -627 961
443 -144 711
-330 52 206
-581 466 210
-389 -183 -265
761 -88 -489
344 -919 -978
-196 -499 219
-7 -412 -451
-258 353 -869
854 -914 482
-753 441 -408
-625 -800 -441
145 668 -44
272 -706 -160
-44 192 -211
-83 604 -886
-606 757 -155
712 -926 466
-489 124 300
517 -62 458
-622 737 953
-569 768 -37
-193 -732 -82
-704 -161 846
-790 -24 35
-221 150 -57
960 -490 -65
-680 961 544
146 211 -111
194 -575 361
304 -848 669
473 998 -502
-798 244 304
990 -520 -439
378 -54 623
-104 -811 -374
-40 -475 -714
-269 363 492
-495 930 737
529 -191 998
168 856 -958
-461 803 -742
-438 291 434
-739 749 164
717 -107 72
-176 -785 932
401 253 262
278 -421 -660
588 941 990
-189 -266 -990
-897 132 628
-821 611 698
189 165 -507
497 -14 403
-156 -671 154
874 -864 -351
-298 -384 -182
832 -524 400
831 206 640
791 916 26
987 -577 113
-114 -258 -900
588 648 645
970 917 -268
530 -770 466
461 -49 -367
-387 -516 -959
327 -490 -396
-815 847 170
-720 274 -686
242 24 668
604 978 -336
223 -877 -40
511 38 -27
369 -407 -812
417 481 -982
-780 144 780
-94 -885 -125
885 183 -82
770 294 414
-546 -433 -602
321 459 -666
-48 -491 125
189 -101 -103
-235 605 822
-48 -557 -975
773 -611 -38
409 738 962
-30 -444 -455
413 -654 836
806 291 138
-295 -214 -292
850 432 -348
-964 -865 665
749 -533 -408
-742 -993 -768
997 536 202
685 123 939
-814 610 -492
13 227 972
-737 -366 -57
692 845 -486
379 771 163
-742 -760 -336
796 836 224
553 -178 820
776 300 -423
-976 -753 906
-843 -231 910
-900 -49 -626
-229 494 645
359 -431 324
-973 -136 -114
672 -683 -56
875 66 248
973 -251 256
767 -304 754
-932 -653 572
-384 205 -33
-729 653 758
974 -153 -491
204 -374 -955
746 -55 -346
-643 -324 334
796 21 89
-970 442 -293
874 -682 -251
-883 -261 916
-997 57 678
-49 -795 -588
-746 -788 763
326 -294 -931
662 -187 636
-367 -605 625
873 823 588
-93 937 594
-49 323 29
-800 110 417
125 965 -80
-971 202 531
516 -567 989
469 -742 508
-102 -344 373
-368 -677 -14
-947 198 90
245 960 -689
-310 989 -367
-829 309 -465
-151 -962 174
829 625 -271
596 426 -269
90 437 -85
207 535 -525
464 -654 748
-706 -937 168
320 221 -769
-864 -531 161
459 -616 -487
-919 -715 -966
-948 -591 -4
412 174 781
-486 -264 -514
-16 32 -682
-892 -972 -3
-471 -847 705
741 -303 -788
571 230 -440
152 723 -109
-271 307 -465
-380 862 387
-129 155 703
499 -542 -303
901 468 -482
486 401 -304
-932 -216 930
474 -75 -674
775 -188 -440
-852 45 -853
-601 645 29
-412 99 679
449 -327 467
988 376 -952
-819 714 797
941 719 -539
-691 -49 425
490 -945 89
-327 -385 -996
410 500 957
228 -986 399
470 269 -305
647 -353 -401
-721 142 721
-515 -282 633
73 -841 -354
834 -873 -848
236 -58 -874
-862 -731 -840
359 269 910
-305 717 -147
834 957 709
638 962 996
213 650 959
519 -170 -438
-981 -546 -667
-706 -621 -814
732 -205 -149
504 -227 -596
536 706 498
-57 693 -36
-497 -465 -674
-508 198 891
-366 866 931
-425 344 -692
-817 -53 -764
-142 -455 710
-769 -970 -16
942 189 -140
-814 114 -77
-67 373 728
557 958 -434
-17 455 733
634 678 30
209 -964 -899
-894 -976 535
-88 186 9
-895 -759 -816
-784 -212 246
996 -190 -97
834 -823 -658
-865 -409 375
17 -22 242
-590 -244 -342
-454 -261 -397
-75 199 103
-289 -290 -410
555 -874 925
834 573 -832
-103 -397 -243
286 -549 998
-587 -450 -95
-121 -654 3
-230 -420 -951
-613 779 993
-746 31 -950
353 205 780
362 823 -736
-427 384 300
804 -134 958
454 -932 -110
-865 -197 398
-282 -56 217
433 -915 -966
-719 -681 -475
-836 935 -210
350 796 -172
-327 806 217
-80 620 150
-149 584 305
523 -54 -689
819 919 941
-229 -772 347
-280 750 694
705 -295 -807
-966 334 -606
602 847 -89
-480 616 -260
448 263 -352
-800 622 -267
777 -977 41
810 -591 768
28 -892 703
-684 718 349
-124 209 -346
-966 -570 936
678 640 -97
147 -132 -334
-151 -763 -975
-570 822 335
-377 -343 -682
-948 534 980
-591 194 -278
-225 846 -117
-884 -227 213
890 688 -180
921 303 -315
-243 -743 -869
-749 714 -277
286 -171 656
444 462 -570
127 -344 -761
-454 406 468
-674 7 455
-568 375 -334
-413 443 -315
-384 411 224
-405 -445 -484
-554 -892 38
-113 -555 322
156 -861 4
225 -210 404
-745 598 -43
-511 729 574
954 -648 468
-222 -623 -308
-904 291 172
-921 691 -580
395 -519 -435
285 -417 -2
-121 330 -262
-201 -216 465
659 -86 43
755 429 -33
812 -688 541
770 -206 -674
-637 -733 470
813 -716 -692
-41 904 -160
558 220 945
-335 815 17
-556 209 186
-372 465 887
758 767 838
315 -21 -161
719 -319 -358
834 412 -715
-773 -685 -540
-15 -424 690
-241 -909 37
-965 210 512
727 10 785
-56 -763 -345
260 530 -677
-984 598 -571
380 315 -323
736 28 605
602 155 -923
654 461 773
-696 280 974
9 -377 946
-814 -163 433
187 414 -774
-807 -108 762
647 851 -615
-44 145 24
-990 -996 706
-919 593 751
701 -612 251
-596 -475 824
860 -112 309
-659 950 -5
940 -995 841
-779 680 486
-841 -277 -792
373 -67 46
772 -42 50
-756 -19 -670
647 -776 -204
943 819 -227
919 418 -346
59 834 21
532 199 -111
4 364 -314
-572 446 -957
-110 -514 670
492 830 504
971 -616 -108
-395 -424 -220
474 697 -848
958 888 -904
638 440 481
691 -428 363
-893 -307 170
-80 811 953
472 586 -28
220 811 -689
473 -330 -508
-280 289 893
236 -85 648
-64 -823 -654
158 331 -770
-110 299 172
-646 -507 -77
-517 479 5
-786 851 902
-434 333 710
15 972 -967
893 -167 888
-199 -969 -96
-320 521 717
465 361 520
109 -132 56
756 -587 485
972 -611 795
74 -587 602
-839 120 678
-666 159 544
-265 351 216
-471 -115 -31
-614 -247 -362
728 509 -694
354 -598 841
-60 248 561
553 -562 -148
-129 -815 -108
540 -274 -934
-114 109 -207
-998 174 143
-297 812 542
491 -429 -330
-755 -280 663
656 919 716
-726 172 -254
170 -896 595
-49 438 469
-166 -692 860
-394 872 425
-569 -701 -829
35 548 163
-899 -585 778
-178 570 -666
827 -691 -16
947 -993 69
371 584 -292
455 116 -470
-592 544 811
-585 161 207
-331 -887 188
-800 878 -394
-491 -408 566
-345 -940 358
681 297 833
828 -193 656
797 70 -236
-136 155 790
-686 -40 -719
916 923 -123
700 -751 191
-85 -653 -825
-71 593 -849
281 790 411
-423 -326 -829
-376 -663 325
728 774 -481
-124 16 -59
992 785 626
160 -683 123
32 270 -207
-24 -324 511
-724 431 879
-617 913 864
2 733 933
-878 949 -822
294 -531 -599
-888 -982 724
107 -24 533
998 -180 -940
933 -925 792
-155 -984 -919
-16 27 13
-107 943 -647
329 282 867
340 -559 534
532 409 913
349 895 304
572 20 -282
1 -867 -842
573 151 -147
-379 -924 256
-125 48 -204
-547 -847 -494
-14 -990 280
97 -107 -734
213 -596 -522
-227 -591 225
-593 -429 106
916 -708 210
-893 -147 -795
-851 -482 909
-35 688 619
151 841 -816
-275 -264 -427
584 -758 333
734 -429 -479
-206 204 -428
-140 404 -995
-882 347 -430
100 -396 -480
635 -701 -56
-645 431 765
809 -430 -615
136 655 986
124 -847 949
262 938 -19
-105 -83 368
423 -463 -359
858 -811 -767
-194 890 -401
989 982 145
-911 512 746
-671 872 -223
727 490 426
522 993 -771
296 657 -558
617 337 -971
-254 887 -432
-319 877 628
-746 631 439
399 -952 187
-224 -376 -330
362 -444 -406
-729 275 543
960 780 -705
389 935 800
-353 933 254
868 311 446
438 -761 393
5 378 -622
330 434 -629
-12 -564 -610
-422 998 -926
-459 -767 -894
578 980 -423
731 123 -59
36 392 -361
57 261 -896
-340 965 517
-201 -837 -881
451 -456 -194
-235 844 -555
-121 -334 -859
693 624 -755
348 10 867
-59 191 -854
473 17 -388
-543 -558 -266
979 338 607
277 -325 458
-695 205 891
218 -958 -794
367 -422 -940
-91 -180 -769
28 -137 222
911 128 187
-133 -474 -188
708 -813 -135
-77 -96 305
-91 974 195
-53 189 -728
309 -333 913
451 83 -217
511 449 823
-300 -84 -37
935 242 -710
79 180 -445
410 399 -51
-275 -254 654
289 983 -748
836 151 -591
688 -434 -244
308 584 43
367 -574 -154
672 -554 -592
-905 -758 420
146 899 538
-505 -781 177
-86 41 657
501 940 615
346 -106 625
-717 216 621
43 774 -527
-4 -492 57
544 353 448
-20 -209 897
256 668 -236
-99 -175 396
-250 -992 132
196 555 -989
-931 -433 -201
609 -344 682
739 -893 516
211 -346 -656
215 -316 973
797 -645 204
469 -50 -902
-841 339 -349
-946 918 313
733 413 309
-437 490 59
-828 -417 35
56 -100 -550
-988 -461 546
601 685 -143
-665 -45 -155
-279 -935 277
-794 -382 -358
427 403 -988
-99 -592 -224
496 337 913
-664 -183 -442
-921 -557 812
816 307 635
374 -41 -659
-169 939 684
992 322 733
282 -584 541
-523 980 191
742 716 -88
-811 267 -464
178 515 370
-526 127 -312
781 -657 40
-247 602 -784
164 220 -407
232 669 -361
539 -252 -39
-534 705 -128
557 -908 122
598 316 -426
-116 685 448
337 902 -739
207 -486 660
-150 460 -52
738 -174 994
-238 -43 107
-476 -713 -344
-341 502 246
623 897 894
-833 986 68
-43 794 -145
899 437 827
961 -329 -473
-953 -963 -817
-310 534 -76
-425 -959 -735
110 -322 -211
238 822 173
-212 370 386
379 -907 159
166 452 989
-38 -444 -838
-70 -896 -309
652 -917 -870
-324 -625 -177
-559 684 103
773 -550 -64
-491 -710 -205
-69 -65 445
671 -389 -299
559 566 -836
-22 517 446
-855 -743 716
1 -836 -553
645 738 -46
-241 -867 -196
-939 -645 -410
452 670 -309
108 -215 851
-161 -469 993
687 -566 473
327 -698 301
440 -505 576
-990 865 -296
-121 -778 -483
-852 -715 -502
572 -926 -656
413 395 -837
-762 179 382
355 667 44
-971 733 -970
21 -38 -272
[RUN #21 3 1000]
-178 -853 -380
164 -959 34
944 975 -109
296 -643 -266
-227 321 239
505 325 -205
-682 -415 808
-816 149 -156
563 366 732
223 -136 502
-583 423 -36
5 967 -196
965 584 -225
716 937 -549
-465 657 -307
45 790 -894
158 -753 532
-437 178 249
915 957 579
491 612 593
-16 471 277
-408 -450 175
100 310 -713
22 -655 210
942 -259 -569
155 -357 303
-947 -584 -281
-282 -649 -466
-194 627 -668
789 -191 343
-551 992 147
-285 770 70
31 112 854
261 345 -52
-785 -598 643
-804 -75 517
758 870 969
958 622 800
-72 -235 655
-799 101 -495
-459 -890 -309
316 301 341
305 619 285
-840 -28 870
-505 134 88
660 -588 766
761 507 -592
174 877 -86
-516 -933 666
-503 907 320
-82 -718 -962
-156 -851 -602
462 581 561
-15 -360 -544
-575 -290 578
-306 810 -105
11 27 -998
-378 -358 907
214 992 -168
-211 9 54
-925 -535 -148
-421 -277 -749
584 -276 971
-819 294 44
957 715 630
609 -232 -616
479 64 757
419 139 812
-588 -780 371
-669 322 -846
-202 414 975
954 -492 545
-683 -185 571
845 439 258
934 989 221
-2 -426 -149
-566 632 819
-413 300 517
-451 -926 166
974 -723 474
400 -939 -627
-275 946 -676
918 701 -912
-821 -918 624
252 -930 -755
143 864 892
-386 960 -57
718 796 -5
127 151 -418
746 -798 645
-535 814 -312
916 -387 142
-845 -852 914
252 -90 -179
7 14 -7
285 883 -892
960 438 -422
-670 -77 965
156 -669 -624
-36 143 -777
-236 -354 741
-353 -936 -638
490 -551 907
968 -191 981
-538 129 704
805 980 995
505 733 -662
-764 646 518
-959 429 715
-503 -401 -279
881 -942 -574
854 135 -688
314 869 -198
801 -135 -261
166 -186 783
661 101 989
-400 -763 206
-688 465 425
596 705 -267
-998 184 916
-940 -211 824
-36 -564 725
705 -566 811
-100 712 667
380 340 -916
563 848 57
873 -875 623
-98 -14 -192
-581 645 767
374 -881 -271
427 -101 -327
-172 294 198
-218 -816 925
428 164 637
457 -387 -423
-961 -196 240
-501 -861 -448
-398 -875 -813
-787 -657 227
974 387 -483
-559 817 -532
-596 929 347
716 -784 -743
382 -88 -433
209 297 380
612 -650 -49
-129 687 242
514 170 -164
-327 -175 -754
-223 -246 -51
864 -315 823
-932 527 -655
47 875 385
-697 451 915
-57 28 572
-267 313 982
851 911 -199
-495 69 793
-926 135 -123
710 -630 812
744 494 14
633 -820 -243
599 300 -489
-132 489 893
-326 -915 208
-431 528 -503
-964 -704 324
471 540 -979
-891 550 -499
-933 -216 959
115 -744 -158
-469 414 -467
848 978 37
995 -954 -370
435 221 -675
-802 -910 -764
-842 -608 -316
515 -707 180
-801 550 922
-299 664 -380
-628 635 496
-900 768 115
997 684 296
772 -124 -392
302 934 -579
-897 -413 179
908 777 -252
627 826 -131
542 151 65
358 -854 855
-9 -883 246
-713 -843 707
-73 -761 598
285 773 367
573 -42 557
-348 594 -746
774 135 -259
307 -620 547
31 561 623
310 -417 -371
570 248 -408
-880 378 332
79 -291 57
588 495 -446
426 -696 -234
-250 863 -6
871 -347 846
706 -792 -386
18 -736 563
391 598 440
464 412 -47
118 456 858
886 -502 391
846 52 -185
-369 827 -323
-269 -224 -420
-723 -115 -117
99 -930 -215
515 96 -328
-750 -123 -410
-952 746 119
334 397 -261
481 -423 315
777 -920 249
59 -195 499
-554 289 -11
-564 831 -817
455 530 79
-9 -520 -678
861 -125 466
33 -878 671
358 703 239
249 -708 881
-181 -405 -979
773 -18 -990
-977 140 192
301 -777 -20
-860 -462 -260
-655 -417 853
-775 595 673
-833 372 930
-633 191 278
653 324 982
645 198 92
467 34 68
565 362 -583
715 -364 -935
-266 863 984
296 -439 -727
-215 63 924
862 113 351
946 -94 -158
265 447 847
688 512 -204
-203 -299 968
463 811 391
-974 -96 232
-236 974 -434
-751 577 450
59 -155 -417
777 741 -831
909 261 -18
820 -247 852
491 608 -837
677 -725 -591
453 -854 -282
421 29 -61
-451 -496 -593
-767 -776 -376
-803 385 31
558 42 -341
-983 -801 411
-695 366 -359
217 -627 871
-353 -451 939
-31 -912 -853
-926 475 -603
313 -375 190
-963 -504 -894
-990 -339 -118
199 682 31
727 -726 778
-367 -931 132
-823 -643 -936
798 764 -23
232 -900 377
883 -42 888
-802 -52 881
-801 -157 464
254 915 752
-509 -593 -83
-749 -921 285
755 298 -969
-590 683 955
453 504 934
492 -195 450
162 -543 -705
-336 827 -526
-628 -12 731
412 817 657
-596 -852 756
-905 -8 503
-348 54 -952
231 -144 -676
-958 216 -875
768 671 -867
-339 829 382
585 -102 610
-52 -751 -437
-725 -185 -463
-477 -734 -664
256 -58 936
-838 -603 284
-94 751 483
-128 -46 969
702 -275 87
-753 381 -476
-412 727 -546
-650 998 143
6 404 -68
-731 743 -685
396 351 31
-322 391 907
199 890 -461
814 259 -332
-419 -929 902
-798 -756 52
-505 -300 -390
-963 956 63
-265 -758 253
170 327 410
-166 -967 -1000
806 515 -759
708 -489 281
20 520 857
441 421 -891
816 -946 383
-706 480 731
752 -580 -992
288 616 135
-136 -298 136
434 -543 -394
-895 -843 -690
892 -974 -352
-890 -651 -391
320 -606 -879
200 312 411
-947 353 565
-160 -523 569
-901 -898 405
-103 172 -431
275 -440 612
480 534 -244
-885 685 -449
369 -298 -542
790 573 92
-305 -304 718
557 -642 699
395 -293 -248
965 -831 276
547 -206 241
697 758 -805
-299 844 -654
-837 -606 247
-643 714 -222
765 -234 530
-859 -70 -424
-304 251 765
566 929 -253
437 705 828
-168 -367 986
-997 179 875
318 -960 -873
-205 843 -478
-391 -995 565
-800 -392 735
170 822 -427
191 -847 -135
71 656 -279
685 286 367
-911 -838 882
558 114 -161
-320 -493 -929
-385 -700 -297
850 808 -213
-870 352 167
-948 -150 327
191 731 -423
38 705 546
-810 722 996
-42 -148 -602
-979 -713 983
-803 150 -162
-514 -250 636
265 805 -641
938 182 -489
592 -742 -261
872 486 443
219 -268 -781
166 143 383
649 275 194
970 -832 394
-352 873 -517
626 498 -109
-830 -570 575
156 316 164
470 -565 -733
540 -703 -788
369 606 371
506 199 -272
589 191 22
-700 123 -416
81 262 -245
-394 -773 -918
-111 -1 -122
-684 892 630
222 -37 -293
541 -190 145
479 446 776
138 -927 -80
-910 219 -1000
-582 -97 -865
116 -675 947
871 -448 350
856 -389 22
-721 -207 -654
-353 -410 -15
-725 -168 691
795 943 -441
733 -859 876
120 -976 615
718 458 -377
-412 -215 837
-330 143 -973
-409 -883 316
335 -664 -253
-480 405 206
-999 228 880
104 -514 455
825 669 -883
-384 -141 582
-174 -46 -429
452 594 226
-966 84 643
-736 654 557
-966 -939 380
98 857 -747
-606 -853 -153
259 559 -529
-800 387 -88
306 123 -700
-899 475 -824
-288 593 540
758 250 -10
737 -822 475
-500 -882 -455
-844 43 -255
-529 -599 -724
-361 -978 87
-642 -2 328
396 -828 147
647 154 36
-443 -330 473
605 -954 -118
304 816 184
-934 -354 -794
-342 630 -386
233 784 153
-138 -277 331
-824 -960 784
-793 -898 651
-535 -408 354
-30 673 612
603 935 673
-719 -997 668
22 -141 137
930 894 804
372 732 825
-403 -708 -755
53 -876 892
-440 287 -563
203 922 -909
-98 -373 188
919 560 633
79 -899 169
-323 777 -675
-465 861 56
105 -765 -233
-817 632 -999
668 -650 -306
-900 62 28
-957 -862 -712
714 -235 816
-240 355 131
338 246 -295
167 314 -963
956 -902 817
614 -785 -342
-365 -408 180
-27 75 -711
224 438 -615
15 248 -972
-818 751 755
818 -106 -54
-581 524 -466
-73 -146 -298
-659 -708 809
426 -26 -903
923 172 673
208 524 488
-118 759 953
537 38 224
-465 -306 -884
816 -368 315
-859 191 -911
716 -553 -319
-416 882 -662
321 354 -160
-437 145 -385
428 -305 -792
573 657 -301
942 428 90
-450 836 872
109 -477 445
661 -249 -1
889 198 -441
173 -498 -707
714 -370 -166
749 628 -601
-294 364 -623
257 895 -8
942 -740 -949
-171 -635 39
49 263 -55
439 -301 529
934 -46 -732
427 648 514
-8 868 910
-779 73 335
-422 999 -599
259 22 913
274 -196 -720
-506 677 -253
-686 337 231
-435 -730 102
174 -721 480
773 150 199
-585 876 311
-442 365 -606
513 429 916
-750 141 126
-785 343 -203
-619 981 -454
331 -494 716
770 -106 -731
-931 103 685
257 -57 -404
-267 -872 699
365 361 966
-473 -262 585
35 992 159
631 791 589
432 -721 -284
833 240 424
120 13 729
937 -614 900
512 -170 -402
318 581 675
755 -385 11
-79 786 -716
-601 -797 -311
293 4 -875
-388 194 87
-87 -400 359
489 -111 82
-758 263 131
551 823 -337
968 560 -669
-872 -93 -600
-178 730 -295
986 822 219
949 -279 -976
-133 365 182
98 249 -340
453 926 -413
-292 194 60
-515 885 -853
-800 -927 -492
-938 523 252
914 798 -652
-900 -23 670
-252 728 -653
-741 -857 -812
-578 298 963
679 -107 -654
413 -975 371
478 84 -605
373 -70 14
-87 -578 -719
-296 -504 -613
886 -251 -166
163 118 51
503 -367 -945
862 37 732
126 -694 639
-787 201 -980
-945 993 395
6 770 764
479 -224 988
893 697 906
-704 -792 -243
57 13 -178
50 455 992
737 -786 -211
148 -628 -553
-728 730 -532
341 -780 -21
-337 -15 402
87 167 326
769 715 -196
738 -362 -339
-88 427 591
951 592 -703
-825 -226 -266
-178 342 -878
-538 -652 106
869 648 -606
-315 6 -725
950 -65 604
-764 -961 396
-791 218 -156
-763 -723 -814
-250 840 -390
-817 147 808
762 -789 370
-657 773 4
-195 151 -503
377 638 -133
-613 -612 -232
-413 252 506
78 -557 871
862 -918 -798
86 430 -806
61 -770 614
-725 -887 533
-915 635 646
-894 -806 -364
-888 428 663
-85 93 -430
-533 390 -770
644 687 -912
258 -225 852
-192 -201 -830
-410 255 -250
839 729 558
-21 -122 25
-362 -38 45
-436 514 134
622 127 -574
-832 627 99
610 -682 -433
-316 230 -490
434 131 -66
348 484 -789
-736 808 -432
-33 640 318
-964 238 -151
214 565 808
-59 -632 -277
-350 -240 404
-260 70 533
-734 -252 589
-834 -418 -129
-150 -945 780
-41 242 918
-630 -117 625
367 165 386
96 867 39
-566 531 -805
187 -462 334
-591 307 -75
-503 -428 -620
385 -203 748
-544 991 -540
772 -279 -606
-265 713 -760
139 -80 733
-117 800 884
-590 232 871
720 -268 293
-790 -509 161
906 697 637
498 365 801
788 -146 -670
627 -439 -344
494 855 -841
607 -932 -30
-854 -439 683
971 338 485
353 247 619
962 -192 -804
242 445 714
641 160 496
104 629 85
-461 361 -631
154 511 44
-78 777 -137
389 681 233
103 952 514
52 -661 -767
916 157 -339
464 51 309
614 434 -141
-835 -847 -572
-885 -12 -550
-390 155 -248
430 380 292
254 625 359
-646 486 -456
-904 -428 -802
919 -896 521
479 -860 401
863 979 577
-643 -784 311
678 -122 -174
-502 -462 913
796 135 -400
426 -7 -889
314 -574 -1000
931 -735 -723
-316 756 -786
522 627 946
503 -590 -559
-571 -356 -135
-967 82 726
-860 681 657
-645 78 -510
-654 -963 -521
70 849 -855
-385 402 941
-813 165 -63
488 680 -413
545 627 -41
-381 158 -320
-238 -221 102
400 -299 212
-802 -67 250
617 -470 95
180 674 -959
462 -460 490
-337 -847 -415
77 -436 -269
268 -125 -339
-312 -118 -973
736 569 156
527 -956 657
51 -35 729
637 -117 57
-435 -503 560
-331 -454 745
18 -274 957
-832 -749 754
-877 -56 -995
270 159 -315
-792 175 -894
-873 181 -386
-652 142 481
762 807 -976
527 0 -269
548 346 -481
-987 484 -833
-753 799 -269
-111 -763 775
270 994 354
-909 254 572
-384 -158 317
892 354 -578
890 -381 -210
-821 921 -860
124 -672 579
60 -872 833
224 -675 -544
88 812 -844
-799 -16 182
189 204 -986
578 -165 570
530 -763 -685
904 238 804
725 -379 653
-926 144 848
-927 983 -683
-261 170 -680
-745 -498 -721
89 777 77
-672 -242 -231
-260 -709 699
881 -8 -533
889 300 718
985 318 367
433 104 -752
21 635 -341
-105 407 -8
867 310 -981
-153 -506 -345
116 481 985
476 888 -515
265 -199 534
-594 641 312
-355 -857 963
-308 -12 159
-713 87 74
954 -196 -467
958 -818 -888
-606 419 525
-889 -742 388
-932 980 -308
343 -96 146
-289 611 -346
198 -964 -272
557 -918 -632
472 -36 404
105 -608 559
94 530 -737
-724 -151 277
-341 215 878
-623 -940 188
-49 -973 -111
993 -932 796
-937 -803 -761
253 -726 -380
-46 -801 515
987 -910 651
-306 -598 936
526 410 -640
608 522 695
709 741 879
266 -533 -757
828 447 29
997 306 -345
451 1 -386
502 371 730
-216 741 -253
185 -985 -242
137 647 557
612 854 -305
644 -98 911
565 768 -1
-88 434 73
-499 671 572
-301 -413 700
-893 -434 -694
-180 904 506
668 -130 727
429 782 -883
-432 -566 265
-130 528 -279
745 57 695
448 -387 -800
-935 -58 100
110 -303 958
76 842 -592
52 -871 735
-82 -657 -389
-476 414 634
-689 -183 351
-22 -738 938
-807 420 -19
906 627 -284
-425 -326 -440
-656 773 -199
-886 175 416
816 117 -126
2 -473 -978
-666 866 -885
810 -903 765
794 -179 -138
247 132 855
575 -776 594
626 473 527
741 456 780
396 -483 -724
757 -558 -822
-36 -824 596
764 -861 -714
-314 -558 167
-981 -942 970
-411 -974 -9
-220 -738 358
152 323 -518
518 418 243
655 -745 555
186 178 -955
965 -511 563
742 439 929
497 -459 -645
770 -645 -774
-314 223 -86
-675 405 -194
-532 858 -779
960 -270 -574
291 220 -10
167 -91 -462
-971 -7 -949
461 -33 635
9 170 344
-773 -214 -571
-623 45 -237
-114 485 335
505 515 -657
-519 -73 781
470 -406 785
246 -223 -710
102 -42 -846
-304 188 301
-69 -335 -905
-908 -394 -430
749 -304 -484
503 -462 -565
383 -524 894
86 -295 459
513 -405 365
-381 -752 92
34 -535 91
835 330 594
749 188 325
-891 -510 837
-61 610 647
-611 979 884
221 621 802
-434 -409 -42
504 800 256
525 216 -103
499 -586 596
-633 -928 747
770 -93 376
503 -340 -805
384 -157 279
143 134 -166
-407 -856 751
-97 798 -550
-736 -477 443
-177 87 563
457 556 -544
-690 230 -51
-484 845 729
391 -646 712
-748 254 -133
-198 431 -162
-998 -547 -244
-684 529 -171
992 292 851
-946 -135 -738
-52 -748 -33
-454 740 -341
879 -923 467
-381 -820 259
956 516 -127
-23 625 -144
454 -426 192
-957 -2 -918
-157 -406 956
-26 -160 987
29 -892 653
815 485 409
-954 -480 -40
-67 -351 -641
-869 499 -820
-379 808 -101
-195 -97 813
-51 -118 332
-900 -441 -30
242 554 -804
-897 257 -292
484 503 122
-887 591 -753
-922 788 -84
133 88 574
-168 -13 212
157 -217 -994
-476 -96 140
554 -803 -402
573 297 -934
210 719 508
-174 168 850
-202 -823 451
-769 143 668
554 -809 -195
626 -829 387
-729 70 -816
-631 505 -508
214 914 -150
-722 327 -156
734 625 -349
839 -22 -324
848 -528 912
522 -837 -452
-284 -616 -276
718 -525 583
-740 -339 -753
504 -784 213
[RUN #22 3 100]
752 -758 335
680 -288 537
-673 160 -31
-625 353 -533
994 17 82
31 -164 367
-879 81 38
687 -97 999
-291 -42 836
-978 742 519
-823 -652 -693
-378 -878 331
-922 -689 105
831 -146 704
-363 781 -846
473 -673 -230
625 337 -483
-47 -916 503
103 -571 881
-586 -676 -743
-635 660 313
297 -211 -509
-931 -620 679
513 535 -298
[RUN #23 500 100]
-171 -310 -589 -151 -466 886 254 -497 -85 503 958 -608 213 932 34 233 -182 -583 422 880 475 -634 -999 141 304 -552 -421 613 -289 56 -739 29 -417 87 -452 -42 -332 424 -504 -256 -128 -488 299 748 -809 -208 427 293 582 -371 315 -207 757 -463 -241 961 -767 -345 562 560 -72 -91 -874 -578 -546 935 904 -654 -711 930 -688 936 351 -247 601 946 -787 -278 940 -593 16 166 -84 -481 643 -509 110 -740 -7 -125 397 730 968 -939 -29 -294 -944 -280 202 -928 604 59 -54 472 -237 -863 311 -745 -753 -904 -43 -522 773 218 -226 -460 40 519 339 -437 383 -377 683 -379 661 -938 -534 -562 563 384 640 46 65 69 -666 -260 267 -835 261 870 -358 262 772 -646 217 -797 982 -853 671 439 347 652 -287 -987 -251 -859 -444 156 -238 -916 -99 585 353 841 396 426 -592 15 57 460 -411 -931 458 -48 -187 997 756 -334 -184 891 121 -50 -526 -697 -695 423 644 440 -815 -907 215 206 151 -597 -778 38 47 237 -133 969 -520 -490 -991 994 456 -69 -673 -295 -135 533 782 603 76 -138 412 -981 371 -572 -27 204 231 -580 620 184 -275 -565 -932 794 107 760 -888 183 577 714 -130 355 -414 962 913 -266 142 -389 680 291 -564 -795 -913 542 249 -177 -840 -293 305 361 -382 948 -346 -116 92 -368 -553 -350 868 194 -994 -657 -973 985 830 988 -262 125 269 -694 398 -718 521 -410 616 -215 -880 -424 672 690 -486 493 488 856 4 -545 -83 -551 203 109 -369 -6 -62 850 -436 -264 -912 -798 557 -286 -848 907 -324 774 341 485 528 -676 23 214 367 455 102 316 739 279 221 687 833 -953 -160 -997 -962 20 446 -516 207 852 -682 144 -575 -709 910 -922 -959 -599 -342 -413 -8 957 -203 -849 -209 -392 745 297 85 608 271 272 -103 612 -317 -190 -472 -582 -559 890 653 326 875 454 230 25 281 -391 589 -894 240 -464 394 710 -227 -81 -435 926 -765 -926 973 93 -333 -37 -908 715 447 814 816 -356 174 101 -890 822 820 387 991 618 164 -823 631 497 135 -885 319 -621 849 -882 54 598 -74 -803 -53 736 -165 752 -903 417 -862 253 -145 -167 -211 -166 255 -220 438 190 -25 -9 158 -955 140 -494 -790 -274 -715 -307 925 -491 241 728 917 -638 -701 462 -967 -819 296 498 -512 -63 -281 740 302 399 -742 -713 89 287 -75 -173 889 707 -544 -612 -360 -528 501 -70 382 -881 -88 695 -393 200 -685 -449 928 -78 -811 481 -619 556 -754 -164 -127 -221 863 622 769 -442 -933 -98 358 -205 171 -678
-43 576 403 -174 -173 30 -229 808 -820 -677 147 182 -735 219 871 442 20 714 727 409 332 -307 252 -530 377 -493 -620 532 716 81 454 -428 -553 -778 845 -473 172 29 284 -141 -867 -390 -211 767 666 405 -843 603 772 -709 -550 0 -45 412 -322 286 709 -616 10 523 953 -481 378 -601 216 822 -654 134 -420 392 900 95 407 -764 -772 253 -413 -686 110 -437 155 -663 945 -425 39 -812 -930 689 -258 44 14 190 -482 -777 -248 -605 -710 416 -977 127 22 -350 -513 -99 573 372 200 -800 125 879 -460 262 921 693 -398 701 199 917 -682 -787 -924 -161 -235 -245 -430 606 928 998 559 184 527 188 920 -124 -935 -12 -164 -466 631 812 590 98 -416 -704 -348 -259 -814 341 328 -559 -62 -624 -766 456 464 -441 924 381 -167 -254 615 -638 526 651 -246 -626 -776 480 949 902 298 -116 -721 -974 891 -52 419 -299 555 -242 440 -389 -306 -573 -73 888 791 4 -110 56 -685 735 234 -922 263 -421 -591 754 170 -323 -69 -31 446 -335 -125 687 -679 -114 -234 -541 -705 893 644 348 -189 -156 -461 -722 76 542 -127 467 -549 -850 -934 150 -216 243 -586 -47 745 -848 -243 383 -499 -741 -637 237 -508 -826 -402 52 -618 455 126 -901 -197 -48 -252 -128 -846 558 692 620 109 -671 773 -630 -740 939 77 -946 626 -815 977 933 -733 612 810 -415 -532 982 -789 -675 598 -531 -650 339 488 867 -29 -147 668 278 -896 296 320 941 981 536 -290 156 -410 634 -540 -872 -224 -844 539 -769 -181 -418 221 335 -347 -869 -28 -13 583 506 -51 -807 -310 944 -419 922 -779 -316 -948 -278 -932 217 -693 -512 140 -265 -745 466 229 494 -315 -695 196 880 24 133 864 -201 -148 -599 909 227 290 -169 -565 -940 -303 40 543 113 -339 849 223 912 213 994 -712 430 -160 665 -102 -897 264 374 -621 718 -492 -857 733 -214 884 432 96 -438 418 518 -87 11 825 -477 -908 145 -702 -56 -154 -456 622 -464 -608 -864 -748 -965 515 -970 222 -595 -860 292 -598 -271 -53 -503 -858 434 -162 347 -607 -684 205 -951 -484 1 617 -495 -639 -1000 -739 587 106 -206 896 -651 317 198 956 757 -945 678 247 460 951 475 -455 748 996 785 -338 152 244 -983 -900 963 224 -346 -297 -497 -990 75 -302 -414 -151 337 21 248 -213 899 -399 -524 -744 842 289 281 519 16 -907 -241 -354 739 596 952 -255 826 299 -49 -109 -24 -427 -729 802 -79 918 164 -313 927 295 608 -157 -982 919 -563 -27 -668 -200 830 -236 943 828 549 115 961
-923 -58 707 -956 -378 333 770 -872 360 875 -494 -509 -341 -900 -241 -848 856 -985 -121 -53 -203 487 -279 65 -776 -493 592 -691 -684 -640 788 25 769 -752 388 900 -237 -326 -158 846 -810 605 -541 -593 -390 324 818 442 -764 -166 543 895 -653 -290 436 -734 444 -414 -363 -483 -289 278 514 -475 -767 -397 27 -273 -807 575 158 -643 523 -623 151 -116 -501 -188 760 -406 507 -514 -768 -663 957 -868 16 -191 185 60 892 822 77 789 940 -748 -88 -113 -698 954 -243 -402 701 -223 93 -778 550 -11 611 35 537 -240 398 655 964 525 -614 -328 309 -745 -856 960 -855 -280 74 758 938 -753 -258 82 -887 -925 -7 -161 178 -316 634 416 -327 -298 325 528 -200 -66 571 -1000 757 -274 914 -250 524 -153 -814 270 556 627 374 -489 -442 142 -589 199 -49 -792 -694 913 -675 -823 -818 -761 214 -391 683 -632 212 897 39 351 720 -232 672 557 -518 -173 297 598 -110 -220 -450 -445 -144 394 121 -126 887 -866 866 -324 558 751 746 197 -252 -308 -460 -530 -411 -317 -837 -741 125 868 -622 285 -712 312 -282 -902 -71 815 457 113 731 -601 -960 -353 -315 -296 4 -616 224 -202 -949 154 -919 877 -962 133 -966 108 -654 637 -635 61 -467 -513 420 465 272 462 555 -730 725 -508 -785 148 -537 -929 615 -443 -711 936 618 552 488 -938 -864 -716 415 -517 774 485 -961 -737 -739 392 -715 967 -119 713 -26 63 -621 464 745 292 -762 -666 661 149 -366 419 137 994 669 533 922 -125 -507 332 -405 -943 -244 -343 503 467 -167 -46 643 472 168 840 -707 570 367 -199 391 -30 -708 159 346 -655 590 -15 -697 -992 186 793 -259 -515 538 -901 -606 -642 684 320 150 156 -43 -755 -440 -432 935 354 342 330 62 660 -578 -867 665 636 -709 -850 432 -794 834 714 -22 -152 642 562 318 50 -575 -843 625 -68 -198 520 -816 450 975 541 293 654 990 164 -926 409 -313 446 242 439 26 -912 233 496 952 647 -673 -394 862 459 170 -174 -350 -123 -472 -783 244 -138 -729 796 -35 783 650 9 116 407 -383 955 -638 626 201 83 -892 -822 -236 612 -883 620 -660 748 -56 996 -104 -876 -100 -16 816 -195 266 -84 -281 956 -983 -840 300 -563 -364 709 304 -430 -165 -50 -297 -999 -449 -137 -106 91 -482 -400 276 -930 -275 950 -765 -245 567 532 919 -41 303 753 -849 723 -141 -6 196 -733 437 702 -543 -586 -970 73 -10 1 835 -367 705 681 -257 376 34 -954 136 792 801 -409 999 879 589 -959 -76 761 365 -581
105 -560 513 254 -872 157 -260 -518 137 -916 -918 635 760 400 381 -742 632 -740 -197 429 954 -998 -289 209 -774 -930 52 -974 -584 312 -776 -481 927 586 -627 -819 609 -721 -836 -581 698 -419 793 -82 158 -572 184 166 3 -189 -932 -588 817 -602 -839 -46 -346 912 -201 256 -310 -868 -615 -58 -487 -244 811 28 -954 -482 535 -955 -344 797 -356 -719 916 888 708 377 -389 421 -881 -646 -889 -133 334 172 -675 -219 -886 155 519 -925 466 -413 -460 -697 -793 -632 -106 -571 309 -480 -410 319 -976 212 799 527 -730 825 509 305 903 551 -904 766 686 210 -48 -45 -206 -431 -790 -681 -147 188 -908 277 -274 660 -308 154 -643 -732 -628 661 984 329 -769 -702 -199 -31 584 -359 -913 -295 -800 -520 -947 -928 -29 -689 -456 220 -270 -141 -805 -284 -997 339 -756 -494 -364 -919 230 634 939 101 23 338 225 -273 156 281 809 -61 -636 54 -879 -812 -408 87 -438 -527 75 -236 286 -557 -796 -553 -837 -559 -534 219 554 -311 336 -360 -129 -683 -262 -556 224 -539 664 -937 521 -95 194 -784 -307 -709 750 -173 -995 22 176 -11 510 -597 323 363 818 909 197 -989 -138 980 854 -469 926 -226 -526 -267 -166 485 -629 -393 -250 -9 -428 -88 53 115 667 -822 -638 -448 -421 559 863 -554 -885 -16 -240 -354 376 842 -477 183 -814 945 -372 -237 934 304 958 593 -570 -496 792 690 276 654 316 -948 -44 -606 392 712 -859 520 -366 -193 -474 -940 -813 -329 -530 203 -931 91 -37 409 -83 -156 767 -780 -660 491 -499 -707 367 325 -110 -148 -855 -33 501 -760 -600 29 -275 404 -670 -909 -121 454 592 -552 832 -445 -614 -831 283 -864 561 44 118 800 30 -528 -397 88 975 981 -368 347 -80 779 235 -277 -342 508 287 -328 -961 -20 55 -903 -773 -43 -276 812 913 -506 -633 -735 601 -543 -936 783 -333 492 582 -781 849 436 542 -93 504 621 388 514 748 -196 859 -772 -619 -616 528 534 878 499 182 -109 -306 96 18 416 -39 588 271 263 266 47 725 -834 -437 -540 979 531 149 858 665 -318 -753 -700 45 441 846 143 -792 244 -208 133 108 502 -843 -352 -285 576 587 -483 192 -583 -85 -383 955 478 549 -945 -984 -799 947 68 140 345 -820 226 90 -720 -977 695 900 -268 644 -223 208 -867 666 -544 754 715 93 42 847 241 608 419 803 -100 -321 -112 -373 -330 303 -198 960 -265 383 496 778 -852 -775 993 619 473 -489 -674 -287 569 910 556 -239 -195 -465 464 181 831 -624 122 580 545 211 898 352 482
